  1>Checking Build System
  CMake is re-running because E:/Projects/OpenGL/glfw-3.3.8/build/CMakeFiles/generate.stamp dependency file is missing.
  -- Building for: Visual Studio 17 2022
  -- Selecting Windows SDK version 10.0.22000.0 to target Windows 10.0.22621.
  -- The C compiler identification is MSVC 19.36.32537.0
  -- Detecting C compiler ABI info
  -- Detecting C compiler ABI info - done
  -- Check for working C compiler: C:/Program Files/Microsoft Visual Studio/2022/Community/VC/Tools/MSVC/14.36.32532/bin/Hostx64/x64/cl.exe - skipped
  -- Detecting C compile features
  -- Detecting C compile features - done
  -- Performing Test CMAKE_HAVE_LIBC_PTHREAD
  -- Performing Test CMAKE_HAVE_LIBC_PTHREAD - Failed
  -- Looking for pthread_create in pthreads
  -- Looking for pthread_create in pthreads - not found
  -- Looking for pthread_create in pthread
  -- Looking for pthread_create in pthread - not found
  -- Found Threads: TRUE  
  -- Could NOT find Doxygen (missing: DOXYGEN_EXECUTABLE) 
  -- Using Win32 for window creation
  -- Configuring done (6.0s)
  -- Generating done (0.2s)
  -- Build files have been written to: E:/Projects/OpenGL/glfw-3.3.8/build
